<?xml version="1.0" encoding="UTF-8"?>
<!-- Generated by org.testng.reporters.JUnitXMLReporter -->
<testsuite ignored="0" hostname="DESKTOP-IG0MA12" failures="0" tests="4" name="Default test" time="3.632" errors="0" timestamp="2024-09-06T20:21:32 IST">
  <testcase classname="Test.Gorest.UserApiTest" name="tc01" time="1.663"/>
  <testcase classname="Test.Gorest.UserApiTest" name="tc02" time="0.319"/>
  <testcase classname="Test.Gorest.UserApiTest" name="tc03" time="0.722"/>
  <testcase classname="Test.Gorest.UserApiTest" name="tc04" time="0.476"/>
</testsuite> <!-- Default test -->
