<?xml version="1.0" encoding="UTF-8"?>
<testng-results ignored="0" total="4" passed="4" failed="0" skipped="0">
  <reporter-output>
  </reporter-output>
  <suite started-at="2024-09-06T20:21:28 IST" name="Default suite" finished-at="2024-09-06T20:21:32 IST" duration-ms="3632">
    <groups>
    </groups>
    <test started-at="2024-09-06T20:21:28 IST" name="Default test" finished-at="2024-09-06T20:21:32 IST" duration-ms="3632">
      <class name="Test.Gorest.UserApiTest">
        <test-method is-config="true" signature="setup()[pri:0, instance:Test.Gorest.UserApiTest@68759011]" started-at="2024-09-06T20:21:28 IST" name="setup" finished-at="2024-09-06T20:21:28 IST" duration-ms="175" status="PASS">
          <reporter-output>
          </reporter-output>
        </test-method> <!-- setup -->
        <test-method signature="tc01()[pri:0, instance:Test.Gorest.UserApiTest@68759011]" started-at="2024-09-06T20:21:28 IST" name="tc01" finished-at="2024-09-06T20:21:30 IST" duration-ms="1663" status="PASS">
          <reporter-output>
          </reporter-output>
        </test-method> <!-- tc01 -->
        <test-method signature="tc02()[pri:0, instance:Test.Gorest.UserApiTest@68759011]" started-at="2024-09-06T20:21:30 IST" name="tc02" finished-at="2024-09-06T20:21:30 IST" duration-ms="319" status="PASS">
          <reporter-output>
          </reporter-output>
        </test-method> <!-- tc02 -->
        <test-method signature="tc03()[pri:0, instance:Test.Gorest.UserApiTest@68759011]" started-at="2024-09-06T20:21:30 IST" name="tc03" finished-at="2024-09-06T20:21:31 IST" duration-ms="722" status="PASS">
          <reporter-output>
          </reporter-output>
        </test-method> <!-- tc03 -->
        <test-method signature="tc04()[pri:0, instance:Test.Gorest.UserApiTest@68759011]" started-at="2024-09-06T20:21:31 IST" name="tc04" finished-at="2024-09-06T20:21:31 IST" duration-ms="476" status="PASS">
          <reporter-output>
          </reporter-output>
        </test-method> <!-- tc04 -->
        <test-method is-config="true" signature="tearDown()[pri:0, instance:Test.Gorest.UserApiTest@68759011]" started-at="2024-09-06T20:21:31 IST" name="tearDown" finished-at="2024-09-06T20:21:32 IST" duration-ms="242" status="PASS">
          <reporter-output>
          </reporter-output>
        </test-method> <!-- tearDown -->
      </class> <!-- Test.Gorest.UserApiTest -->
    </test> <!-- Default test -->
  </suite> <!-- Default suite -->
</testng-results>
